{"timestamp":"2025-02-02T03:00:59.901Z","method":"GET","url":"/api/users/679edfe581684a7462ffc853","userId":"679edfe581684a7462ffc853","username":"abc","body":{"userId":"679edfe581684a7462ffc853"}}
{"timestamp":"2025-02-02T03:01:00.397Z","method":"GET","url":"/api/users/679edfe581684a7462ffc853","userId":"679edfe581684a7462ffc853","username":"abc","body":{"userId":"679edfe581684a7462ffc853"}}
{"timestamp":"2025-02-02T03:01:00.410Z","method":"GET","url":"/api/users/679edfe581684a7462ffc853","userId":"679edfe581684a7462ffc853","username":"abc","body":{"userId":"679edfe581684a7462ffc853"}}
{"timestamp":"2025-02-02T03:01:00.421Z","method":"GET","url":"/api/bookings/679edfe581684a7462ffc853","userId":"679eded781684a7462ffc7d9","username":"Admin User","body":{"userId":"679eded781684a7462ffc7d9"}}
{"timestamp":"2025-02-02T03:01:00.519Z","method":"GET","url":"/api/users/679edfe581684a7462ffc853","userId":"679edfe581684a7462ffc853","username":"abc","body":{"userId":"679edfe581684a7462ffc853"}}
{"timestamp":"2025-02-02T03:01:01.030Z","method":"GET","url":"/api/users/679edfe581684a7462ffc853","userId":"679edfe581684a7462ffc853","username":"abc","body":{"userId":"679edfe581684a7462ffc853"}}
{"timestamp":"2025-02-02T03:01:01.139Z","method":"GET","url":"/api/users/679edfe581684a7462ffc853","userId":"679edfe581684a7462ffc853","username":"abc","body":{"userId":"679edfe581684a7462ffc853"}}
{"timestamp":"2025-02-02T03:01:01.648Z","method":"GET","url":"/api/users/679edfe581684a7462ffc853","userId":"679edfe581684a7462ffc853","username":"abc","body":{"userId":"679edfe581684a7462ffc853"}}
{"timestamp":"2025-02-02T07:55:40.019Z","method":"GET","url":"/api/users/679edfe581684a7462ffc853","userId":"679edfe581684a7462ffc853","username":"abc","body":{"userId":"679edfe581684a7462ffc853"}}
{"timestamp":"2025-02-02T07:55:40.031Z","method":"GET","url":"/api/users/679edfe581684a7462ffc853","userId":"679edfe581684a7462ffc853","username":"abc","body":{"userId":"679edfe581684a7462ffc853"}}
{"timestamp":"2025-02-02T07:55:40.517Z","method":"GET","url":"/api/users/679edfe581684a7462ffc853","userId":"679edfe581684a7462ffc853","username":"abc","body":{"userId":"679edfe581684a7462ffc853"}}
{"timestamp":"2025-02-02T07:55:40.523Z","method":"GET","url":"/api/users/679edfe581684a7462ffc853","userId":"679edfe581684a7462ffc853","username":"abc","body":{"userId":"679edfe581684a7462ffc853"}}
{"timestamp":"2025-02-02T07:55:40.528Z","method":"GET","url":"/api/users/679edfe581684a7462ffc853","userId":"679edfe581684a7462ffc853","username":"abc","body":{"userId":"679edfe581684a7462ffc853"}}
{"timestamp":"2025-02-02T07:55:40.530Z","method":"GET","url":"/api/cities/get-all-cities","userId":"679edfe581684a7462ffc853","username":"abc","body":{"userId":"679edfe581684a7462ffc853"}}
{"timestamp":"2025-02-02T07:57:08.655Z","method":"GET","url":"/api/users/679f254ca9125995c28517dc","userId":"679f254ca9125995c28517dc","username":"ad","body":{"userId":"679f254ca9125995c28517dc"}}
{"timestamp":"2025-02-02T07:57:08.675Z","method":"GET","url":"/api/users/679f254ca9125995c28517dc","userId":"679f254ca9125995c28517dc","username":"ad","body":{"userId":"679f254ca9125995c28517dc"}}
{"timestamp":"2025-02-02T07:57:08.698Z","method":"GET","url":"/api/users/679f254ca9125995c28517dc","userId":"679f254ca9125995c28517dc","username":"ad","body":{"userId":"679f254ca9125995c28517dc"}}
{"timestamp":"2025-02-02T07:57:08.711Z","method":"GET","url":"/api/bookings/679f254ca9125995c28517dc","userId":"679edfe581684a7462ffc853","username":"abc","body":{"userId":"679edfe581684a7462ffc853"}}
{"timestamp":"2025-02-02T07:57:08.713Z","method":"GET","url":"/api/users/679f254ca9125995c28517dc","userId":"679f254ca9125995c28517dc","username":"ad","body":{"userId":"679f254ca9125995c28517dc"}}
{"timestamp":"2025-02-02T07:57:08.717Z","method":"GET","url":"/api/users/679f254ca9125995c28517dc","userId":"679f254ca9125995c28517dc","username":"ad","body":{"userId":"679f254ca9125995c28517dc"}}
{"timestamp":"2025-02-02T07:57:09.356Z","method":"GET","url":"/api/users/679f254ca9125995c28517dc","userId":"679f254ca9125995c28517dc","username":"ad","body":{"userId":"679f254ca9125995c28517dc"}}
{"timestamp":"2025-02-02T07:57:36.346Z","method":"GET","url":"/api/users/679f254ca9125995c28517dc","userId":"679f254ca9125995c28517dc","username":"ad","body":{"userId":"679f254ca9125995c28517dc"}}
{"timestamp":"2025-02-02T07:57:36.977Z","method":"GET","url":"/api/cities/get-all-cities","userId":"679edfe581684a7462ffc853","username":"abc","body":{"userId":"679edfe581684a7462ffc853"}}
{"timestamp":"2025-02-02T07:57:36.977Z","method":"GET","url":"/api/users/679f254ca9125995c28517dc","userId":"679f254ca9125995c28517dc","username":"ad","body":{"userId":"679f254ca9125995c28517dc"}}
{"timestamp":"2025-02-02T07:57:37.246Z","method":"GET","url":"/api/users/679f254ca9125995c28517dc","userId":"679f254ca9125995c28517dc","username":"ad","body":{"userId":"679f254ca9125995c28517dc"}}
{"timestamp":"2025-02-02T07:57:37.604Z","method":"GET","url":"/api/users/679f254ca9125995c28517dc","userId":"679f254ca9125995c28517dc","username":"ad","body":{"userId":"679f254ca9125995c28517dc"}}
{"timestamp":"2025-02-02T07:58:15.613Z","method":"GET","url":"/api/users/679f254ca9125995c28517dc","userId":"679f254ca9125995c28517dc","username":"ad","body":{"userId":"679f254ca9125995c28517dc"}}
{"timestamp":"2025-02-02T07:58:16.240Z","method":"GET","url":"/api/bookings/679f254ca9125995c28517dc","userId":"679edfe581684a7462ffc853","username":"abc","body":{"userId":"679edfe581684a7462ffc853"}}
{"timestamp":"2025-02-02T07:58:16.241Z","method":"GET","url":"/api/users/679f254ca9125995c28517dc","userId":"679f254ca9125995c28517dc","username":"ad","body":{"userId":"679f254ca9125995c28517dc"}}
{"timestamp":"2025-02-02T07:58:16.873Z","method":"GET","url":"/api/users/679f254ca9125995c28517dc","userId":"679f254ca9125995c28517dc","username":"ad","body":{"userId":"679f254ca9125995c28517dc"}}
{"timestamp":"2025-02-02T07:58:17.140Z","method":"GET","url":"/api/users/679f254ca9125995c28517dc","userId":"679f254ca9125995c28517dc","username":"ad","body":{"userId":"679f254ca9125995c28517dc"}}
{"timestamp":"2025-02-02T07:58:17.519Z","method":"GET","url":"/api/users/679f254ca9125995c28517dc","userId":"679f254ca9125995c28517dc","username":"ad","body":{"userId":"679f254ca9125995c28517dc"}}
{"timestamp":"2025-02-02T07:58:22.220Z","method":"GET","url":"/api/users/679f254ca9125995c28517dc","userId":"679f254ca9125995c28517dc","username":"ad","body":{"userId":"679f254ca9125995c28517dc"}}
{"timestamp":"2025-02-02T07:58:22.849Z","method":"GET","url":"/api/users/679f254ca9125995c28517dc","userId":"679f254ca9125995c28517dc","username":"ad","body":{"userId":"679f254ca9125995c28517dc"}}
{"timestamp":"2025-02-02T07:58:23.103Z","method":"GET","url":"/api/users/679f254ca9125995c28517dc","userId":"679f254ca9125995c28517dc","username":"ad","body":{"userId":"679f254ca9125995c28517dc"}}
{"timestamp":"2025-02-02T07:58:23.484Z","method":"GET","url":"/api/users/679f254ca9125995c28517dc","userId":"679f254ca9125995c28517dc","username":"ad","body":{"userId":"679f254ca9125995c28517dc"}}
{"timestamp":"2025-02-02T07:58:23.736Z","method":"GET","url":"/api/users/679f254ca9125995c28517dc","userId":"679f254ca9125995c28517dc","username":"ad","body":{"userId":"679f254ca9125995c28517dc"}}
{"timestamp":"2025-02-02T07:58:25.353Z","method":"GET","url":"/api/cities/get-all-cities","userId":"679edfe581684a7462ffc853","username":"abc","body":{"userId":"679edfe581684a7462ffc853"}}
{"timestamp":"2025-02-02T07:58:25.354Z","method":"GET","url":"/api/users/679f254ca9125995c28517dc","userId":"679f254ca9125995c28517dc","username":"ad","body":{"userId":"679f254ca9125995c28517dc"}}
{"timestamp":"2025-02-02T07:58:25.599Z","method":"GET","url":"/api/users/679f254ca9125995c28517dc","userId":"679f254ca9125995c28517dc","username":"ad","body":{"userId":"679f254ca9125995c28517dc"}}
{"timestamp":"2025-02-02T07:58:26.003Z","method":"GET","url":"/api/users/679f254ca9125995c28517dc","userId":"679f254ca9125995c28517dc","username":"ad","body":{"userId":"679f254ca9125995c28517dc"}}
{"timestamp":"2025-02-02T07:58:26.229Z","method":"GET","url":"/api/users/679f254ca9125995c28517dc","userId":"679f254ca9125995c28517dc","username":"ad","body":{"userId":"679f254ca9125995c28517dc"}}
{"timestamp":"2025-02-02T07:58:34.265Z","method":"GET","url":"/api/users/679f254ca9125995c28517dc","userId":"679f254ca9125995c28517dc","username":"ad","body":{"userId":"679f254ca9125995c28517dc"}}
{"timestamp":"2025-02-02T07:58:34.267Z","method":"POST","url":"/api/buses/get?from=Kathmandu&to=Lalitpur&journeyDate=2025-02-03","userId":"679edfe581684a7462ffc853","username":"abc","body":{"headers":{"Authorization":"Bearer eyJhbGciOiJIUzI1NiIsInR5cCI6IkpXVCJ9.eyJpZCI6IjY3OWYyNTRjYTkxMjU5OTVjMjg1MTdkYyIsImlhdCI6MTczODQ4MzAyNywiZXhwIjoxNzM4NTY5NDI3fQ.orIdBrby8-JKnP7m2VWNyXDDUMnWiXfq3bHiJu0D7ZI"},"userId":"679edfe581684a7462ffc853"}}
{"timestamp":"2025-02-02T07:58:34.511Z","method":"GET","url":"/api/users/679f254ca9125995c28517dc","userId":"679f254ca9125995c28517dc","username":"ad","body":{"userId":"679f254ca9125995c28517dc"}}
{"timestamp":"2025-02-02T07:58:35.976Z","method":"GET","url":"/api/users/679f254ca9125995c28517dc","userId":"679f254ca9125995c28517dc","username":"ad","body":{"userId":"679f254ca9125995c28517dc"}}
{"timestamp":"2025-02-02T07:58:35.983Z","method":"GET","url":"/api/buses/679edf8881684a7462ffc809","userId":"679f254ca9125995c28517dc","username":"ad","body":{"userId":"679f254ca9125995c28517dc"}}
{"timestamp":"2025-02-02T07:58:36.594Z","method":"GET","url":"/api/users/679f254ca9125995c28517dc","userId":"679f254ca9125995c28517dc","username":"ad","body":{"userId":"679f254ca9125995c28517dc"}}
{"timestamp":"2025-02-02T07:58:36.852Z","method":"GET","url":"/api/users/679f254ca9125995c28517dc","userId":"679f254ca9125995c28517dc","username":"ad","body":{"userId":"679f254ca9125995c28517dc"}}
{"timestamp":"2025-02-02T07:58:37.226Z","method":"GET","url":"/api/users/679f254ca9125995c28517dc","userId":"679f254ca9125995c28517dc","username":"ad","body":{"userId":"679f254ca9125995c28517dc"}}
{"timestamp":"2025-02-02T07:58:37.484Z","method":"GET","url":"/api/users/679f254ca9125995c28517dc","userId":"679f254ca9125995c28517dc","username":"ad","body":{"userId":"679f254ca9125995c28517dc"}}
{"timestamp":"2025-02-02T07:58:37.876Z","method":"GET","url":"/api/users/679f254ca9125995c28517dc","userId":"679f254ca9125995c28517dc","username":"ad","body":{"userId":"679f254ca9125995c28517dc"}}
{"timestamp":"2025-02-02T07:58:40.677Z","method":"POST","url":"/api/stripe/create-checkout-session","userId":"679edfe581684a7462ffc853","username":"abc","body":{"bus":{"_id":"679edf8881684a7462ffc809","name":"admin","busNumber":1342,"from":"Kathmandu","to":"Lalitpur","departure":"00:21","arrival":"12:21","journeyDate":"2025-02-03","capacity":4343,"price":2324,"seatsBooked":[],"status":"Yet to start","__v":0},"selectedSeats":[2,3],"userId":"679edfe581684a7462ffc853"}}
{"timestamp":"2025-02-02T07:58:41.294Z","method":"GET","url":"/api/users/679f254ca9125995c28517dc","userId":"679f254ca9125995c28517dc","username":"ad","body":{"userId":"679f254ca9125995c28517dc"}}
{"timestamp":"2025-02-02T08:00:51.720Z","method":"GET","url":"/api/users/679f254ca9125995c28517dc","userId":"679f254ca9125995c28517dc","username":"ad","body":{"userId":"679f254ca9125995c28517dc"}}
{"timestamp":"2025-02-02T08:00:51.725Z","method":"GET","url":"/api/users/679f254ca9125995c28517dc","userId":"679f254ca9125995c28517dc","username":"ad","body":{"userId":"679f254ca9125995c28517dc"}}
{"timestamp":"2025-02-02T08:00:52.368Z","method":"GET","url":"/api/users/679f254ca9125995c28517dc","userId":"679f254ca9125995c28517dc","username":"ad","body":{"userId":"679f254ca9125995c28517dc"}}
{"timestamp":"2025-02-02T08:00:52.447Z","method":"GET","url":"/api/users/679f254ca9125995c28517dc","userId":"679f254ca9125995c28517dc","username":"ad","body":{"userId":"679f254ca9125995c28517dc"}}
{"timestamp":"2025-02-02T08:00:52.467Z","method":"GET","url":"/api/users/679f254ca9125995c28517dc","userId":"679f254ca9125995c28517dc","username":"ad","body":{"userId":"679f254ca9125995c28517dc"}}
{"timestamp":"2025-02-02T08:00:52.469Z","method":"GET","url":"/api/buses/679edf8881684a7462ffc809","userId":"679f254ca9125995c28517dc","username":"ad","body":{"userId":"679f254ca9125995c28517dc"}}
{"timestamp":"2025-02-02T08:00:52.482Z","method":"GET","url":"/api/users/679f254ca9125995c28517dc","userId":"679f254ca9125995c28517dc","username":"ad","body":{"userId":"679f254ca9125995c28517dc"}}
{"timestamp":"2025-02-02T08:00:52.998Z","method":"GET","url":"/api/users/679f254ca9125995c28517dc","userId":"679f254ca9125995c28517dc","username":"ad","body":{"userId":"679f254ca9125995c28517dc"}}
{"timestamp":"2025-02-02T08:00:53.092Z","method":"GET","url":"/api/buses/679edf8881684a7462ffc809","userId":"679f254ca9125995c28517dc","username":"ad","body":{"userId":"679f254ca9125995c28517dc"}}
{"timestamp":"2025-02-02T08:00:53.112Z","method":"POST","url":"/api/bookings/book-seat/679edfe581684a7462ffc853","userId":"679f254ca9125995c28517dc","username":"ad","body":{"bus":"679edf8881684a7462ffc809","seats":["2","3"],"userId":"679f254ca9125995c28517dc"}}
{"timestamp":"2025-02-02T08:00:53.741Z","method":"GET","url":"/api/users/679f254ca9125995c28517dc","userId":"679f254ca9125995c28517dc","username":"ad","body":{"userId":"679f254ca9125995c28517dc"}}
{"timestamp":"2025-02-02T08:00:53.748Z","method":"GET","url":"/api/users/679f254ca9125995c28517dc","userId":"679f254ca9125995c28517dc","username":"ad","body":{"userId":"679f254ca9125995c28517dc"}}
{"timestamp":"2025-02-02T08:00:54.224Z","method":"GET","url":"/api/users/679f254ca9125995c28517dc","userId":"679f254ca9125995c28517dc","username":"ad","body":{"userId":"679f254ca9125995c28517dc"}}
{"timestamp":"2025-02-02T08:00:54.299Z","method":"GET","url":"/api/users/679f254ca9125995c28517dc","userId":"679f254ca9125995c28517dc","username":"ad","body":{"userId":"679f254ca9125995c28517dc"}}
{"timestamp":"2025-02-02T08:00:54.312Z","method":"GET","url":"/api/bookings/679f254ca9125995c28517dc","userId":"679f254ca9125995c28517dc","username":"ad","body":{"userId":"679f254ca9125995c28517dc"}}
{"timestamp":"2025-02-02T08:00:54.376Z","method":"GET","url":"/api/users/679f254ca9125995c28517dc","userId":"679f254ca9125995c28517dc","username":"ad","body":{"userId":"679f254ca9125995c28517dc"}}
{"timestamp":"2025-02-02T08:00:54.383Z","method":"GET","url":"/api/users/679f254ca9125995c28517dc","userId":"679f254ca9125995c28517dc","username":"ad","body":{"userId":"679f254ca9125995c28517dc"}}
{"timestamp":"2025-02-02T08:00:54.391Z","method":"GET","url":"/api/users/679f254ca9125995c28517dc","userId":"679f254ca9125995c28517dc","username":"ad","body":{"userId":"679f254ca9125995c28517dc"}}
{"timestamp":"2025-02-02T08:00:54.863Z","method":"GET","url":"/api/users/679f254ca9125995c28517dc","userId":"679f254ca9125995c28517dc","username":"ad","body":{"userId":"679f254ca9125995c28517dc"}}
{"timestamp":"2025-02-02T08:47:16.859Z","method":"GET","url":"/api/users/679f254ca9125995c28517dc","userId":"679f254ca9125995c28517dc","username":"ad","body":{"userId":"679f254ca9125995c28517dc"}}
{"timestamp":"2025-02-02T08:47:16.868Z","method":"GET","url":"/api/users/679f254ca9125995c28517dc","userId":"679f254ca9125995c28517dc","username":"ad","body":{"userId":"679f254ca9125995c28517dc"}}
{"timestamp":"2025-02-02T08:47:17.097Z","method":"GET","url":"/api/cities/get-all-cities","userId":"679f254ca9125995c28517dc","username":"ad","body":{"userId":"679f254ca9125995c28517dc"}}
{"timestamp":"2025-02-02T08:47:17.504Z","method":"GET","url":"/api/users/679f254ca9125995c28517dc","userId":"679f254ca9125995c28517dc","username":"ad","body":{"userId":"679f254ca9125995c28517dc"}}
{"timestamp":"2025-02-02T08:47:17.512Z","method":"GET","url":"/api/users/679f254ca9125995c28517dc","userId":"679f254ca9125995c28517dc","username":"ad","body":{"userId":"679f254ca9125995c28517dc"}}
{"timestamp":"2025-02-02T08:47:18.152Z","method":"GET","url":"/api/users/679f254ca9125995c28517dc","userId":"679f254ca9125995c28517dc","username":"ad","body":{"userId":"679f254ca9125995c28517dc"}}
{"timestamp":"2025-02-02T08:47:24.879Z","method":"POST","url":"/api/buses/get?from=Kathmandu&to=Lalitpur&journeyDate=2025-02-03","userId":"679f254ca9125995c28517dc","username":"ad","body":{"headers":{"Authorization":"Bearer eyJhbGciOiJIUzI1NiIsInR5cCI6IkpXVCJ9.eyJpZCI6IjY3OWYyNTRjYTkxMjU5OTVjMjg1MTdkYyIsImlhdCI6MTczODQ4MzAyNywiZXhwIjoxNzM4NTY5NDI3fQ.orIdBrby8-JKnP7m2VWNyXDDUMnWiXfq3bHiJu0D7ZI"},"userId":"679f254ca9125995c28517dc"}}
{"timestamp":"2025-02-02T08:47:25.500Z","method":"GET","url":"/api/users/679f254ca9125995c28517dc","userId":"679f254ca9125995c28517dc","username":"ad","body":{"userId":"679f254ca9125995c28517dc"}}
{"timestamp":"2025-02-02T08:47:25.511Z","method":"GET","url":"/api/users/679f254ca9125995c28517dc","userId":"679f254ca9125995c28517dc","username":"ad","body":{"userId":"679f254ca9125995c28517dc"}}
{"timestamp":"2025-02-02T08:47:26.128Z","method":"GET","url":"/api/users/679f254ca9125995c28517dc","userId":"679f254ca9125995c28517dc","username":"ad","body":{"userId":"679f254ca9125995c28517dc"}}
{"timestamp":"2025-02-02T08:47:26.386Z","method":"GET","url":"/api/buses/679edf8881684a7462ffc809","userId":"679f254ca9125995c28517dc","username":"ad","body":{"userId":"679f254ca9125995c28517dc"}}
{"timestamp":"2025-02-02T08:47:26.625Z","method":"GET","url":"/api/users/679f254ca9125995c28517dc","userId":"679f254ca9125995c28517dc","username":"ad","body":{"userId":"679f254ca9125995c28517dc"}}
{"timestamp":"2025-02-02T08:47:26.629Z","method":"GET","url":"/api/users/679f254ca9125995c28517dc","userId":"679f254ca9125995c28517dc","username":"ad","body":{"userId":"679f254ca9125995c28517dc"}}
{"timestamp":"2025-02-02T08:47:26.767Z","method":"GET","url":"/api/users/679f254ca9125995c28517dc","userId":"679f254ca9125995c28517dc","username":"ad","body":{"userId":"679f254ca9125995c28517dc"}}
{"timestamp":"2025-02-02T08:47:27.260Z","method":"GET","url":"/api/users/679f254ca9125995c28517dc","userId":"679f254ca9125995c28517dc","username":"ad","body":{"userId":"679f254ca9125995c28517dc"}}
{"timestamp":"2025-02-02T08:47:29.293Z","method":"POST","url":"/api/stripe/create-checkout-session","userId":"679f254ca9125995c28517dc","username":"ad","body":{"bus":{"_id":"679edf8881684a7462ffc809","name":"admin","busNumber":1342,"from":"Kathmandu","to":"Lalitpur","departure":"00:21","arrival":"12:21","journeyDate":"2025-02-03","capacity":4343,"price":2324,"seatsBooked":["2","3"],"status":"Yet to start","__v":1},"selectedSeats":[1],"userId":"679f254ca9125995c28517dc"}}
{"timestamp":"2025-02-02T08:47:29.915Z","method":"GET","url":"/api/users/679f254ca9125995c28517dc","userId":"679f254ca9125995c28517dc","username":"ad","body":{"userId":"679f254ca9125995c28517dc"}}
{"timestamp":"2025-02-02T08:48:04.672Z","method":"GET","url":"/api/users/679f254ca9125995c28517dc","userId":"679f254ca9125995c28517dc","username":"ad","body":{"userId":"679f254ca9125995c28517dc"}}
{"timestamp":"2025-02-02T08:48:04.716Z","method":"GET","url":"/api/users/679f254ca9125995c28517dc","userId":"679f254ca9125995c28517dc","username":"ad","body":{"userId":"679f254ca9125995c28517dc"}}
{"timestamp":"2025-02-02T08:48:05.299Z","method":"GET","url":"/api/users/679f254ca9125995c28517dc","userId":"679f254ca9125995c28517dc","username":"ad","body":{"userId":"679f254ca9125995c28517dc"}}
{"timestamp":"2025-02-02T08:48:05.344Z","method":"GET","url":"/api/users/679f254ca9125995c28517dc","userId":"679f254ca9125995c28517dc","username":"ad","body":{"userId":"679f254ca9125995c28517dc"}}
{"timestamp":"2025-02-02T08:48:05.403Z","method":"GET","url":"/api/users/679f254ca9125995c28517dc","userId":"679f254ca9125995c28517dc","username":"ad","body":{"userId":"679f254ca9125995c28517dc"}}
{"timestamp":"2025-02-02T08:48:05.406Z","method":"GET","url":"/api/buses/679edf8881684a7462ffc809","userId":"679f254ca9125995c28517dc","username":"ad","body":{"userId":"679f254ca9125995c28517dc"}}
{"timestamp":"2025-02-02T08:48:05.408Z","method":"GET","url":"/api/users/679f254ca9125995c28517dc","userId":"679f254ca9125995c28517dc","username":"ad","body":{"userId":"679f254ca9125995c28517dc"}}
{"timestamp":"2025-02-02T08:48:05.411Z","method":"GET","url":"/api/buses/679edf8881684a7462ffc809","userId":"679f254ca9125995c28517dc","username":"ad","body":{"userId":"679f254ca9125995c28517dc"}}
{"timestamp":"2025-02-02T08:48:06.051Z","method":"POST","url":"/api/bookings/book-seat/679f254ca9125995c28517dc","userId":"679f254ca9125995c28517dc","username":"ad","body":{"bus":"679edf8881684a7462ffc809","seats":["1"],"userId":"679f254ca9125995c28517dc"}}
{"timestamp":"2025-02-02T08:48:06.053Z","method":"GET","url":"/api/users/679f254ca9125995c28517dc","userId":"679f254ca9125995c28517dc","username":"ad","body":{"userId":"679f254ca9125995c28517dc"}}
{"timestamp":"2025-02-02T08:48:06.314Z","method":"GET","url":"/api/users/679f254ca9125995c28517dc","userId":"679f254ca9125995c28517dc","username":"ad","body":{"userId":"679f254ca9125995c28517dc"}}
{"timestamp":"2025-02-02T08:48:06.685Z","method":"GET","url":"/api/users/679f254ca9125995c28517dc","userId":"679f254ca9125995c28517dc","username":"ad","body":{"userId":"679f254ca9125995c28517dc"}}
{"timestamp":"2025-02-02T08:48:06.949Z","method":"GET","url":"/api/users/679f254ca9125995c28517dc","userId":"679f254ca9125995c28517dc","username":"ad","body":{"userId":"679f254ca9125995c28517dc"}}
{"timestamp":"2025-02-02T08:48:07.027Z","method":"GET","url":"/api/users/679f254ca9125995c28517dc","userId":"679f254ca9125995c28517dc","username":"ad","body":{"userId":"679f254ca9125995c28517dc"}}
{"timestamp":"2025-02-02T08:48:07.044Z","method":"GET","url":"/api/bookings/679f254ca9125995c28517dc","userId":"679f254ca9125995c28517dc","username":"ad","body":{"userId":"679f254ca9125995c28517dc"}}
{"timestamp":"2025-02-02T08:48:07.045Z","method":"GET","url":"/api/users/679f254ca9125995c28517dc","userId":"679f254ca9125995c28517dc","username":"ad","body":{"userId":"679f254ca9125995c28517dc"}}
{"timestamp":"2025-02-02T08:48:07.053Z","method":"GET","url":"/api/users/679f254ca9125995c28517dc","userId":"679f254ca9125995c28517dc","username":"ad","body":{"userId":"679f254ca9125995c28517dc"}}
{"timestamp":"2025-02-02T08:48:07.313Z","method":"GET","url":"/api/users/679f254ca9125995c28517dc","userId":"679f254ca9125995c28517dc","username":"ad","body":{"userId":"679f254ca9125995c28517dc"}}
